[0.010s] Invoking command in '/home/filo/bumperbot_ws/build/bumperbot_controller': /usr/bin/cmake --build /home/filo/bumperbot_ws/build/bumperbot_controller -- -j8 -l8
[0.257s] -- Found ament_cmake: 1.3.8 (/opt/ros/humble/share/ament_cmake/cmake)
[0.537s] Traceback (most recent call last):
[0.538s]   File "/opt/ros/humble/share/ament_cmake_core/cmake/package_templates/templates_2_cmake.py", line 21, in <module>
[0.538s]     from ament_package.templates import get_environment_hook_template_path
[0.538s] ModuleNotFoundError: No module named 'ament_package'
[0.547s] [31mCMake Error at /opt/ros/humble/share/ament_cmake_core/cmake/ament_cmake_package_templates-extras.cmake:41 (message):
[0.548s]   execute_process(/usr/bin/python3
[0.548s]   /opt/ros/humble/share/ament_cmake_core/cmake/package_templates/templates_2_cmake.py
[0.548s]   /home/filo/bumperbot_ws/build/bumperbot_controller/ament_cmake_package_templates/templates.cmake)
[0.548s]   returned error code 1
[0.548s] Call Stack (most recent call first):
[0.548s]   /opt/ros/humble/share/ament_cmake_core/cmake/ament_cmake_coreConfig.cmake:41 (include)
[0.548s]   /opt/ros/humble/share/ament_cmake/cmake/ament_cmake_export_dependencies-extras.cmake:15 (find_package)
[0.548s]   /opt/ros/humble/share/ament_cmake/cmake/ament_cmakeConfig.cmake:41 (include)
[0.548s]   CMakeLists.txt:8 (find_package)
[0.549s] 
[0.549s] [0m
[0.549s] -- Configuring incomplete, errors occurred!
[0.549s] See also "/home/filo/bumperbot_ws/build/bumperbot_controller/CMakeFiles/CMakeOutput.log".
[0.550s] gmake: *** [Makefile:254: cmake_check_build_system] Error 1
[0.629s] Invoked command in '/home/filo/bumperbot_ws/build/bumperbot_controller' returned '2': /usr/bin/cmake --build /home/filo/bumperbot_ws/build/bumperbot_controller -- -j8 -l8
