[0.012s] Invoking command in '/home/filo/bumperbot_ws/build/bumperbot_controller': CMAKE_PREFIX_PATH=${CMAKE_PREFIX_PATH}:/home/filo/bumperbot_ws/install/bumperbot_py_examples /usr/bin/cmake --build /home/filo/bumperbot_ws/build/bumperbot_controller -- -j8 -l8
[0.032s] -- Found ament_cmake: 1.3.8 (/opt/ros/humble/share/ament_cmake/cmake)
[0.196s] Traceback (most recent call last):
[0.196s]   File "/opt/ros/humble/share/ament_cmake_core/cmake/package_templates/templates_2_cmake.py", line 21, in <module>
[0.196s]     from ament_package.templates import get_environment_hook_template_path
[0.196s] ModuleNotFoundError: No module named 'ament_package'
[0.206s] [31mCMake Error at /opt/ros/humble/share/ament_cmake_core/cmake/ament_cmake_package_templates-extras.cmake:41 (message):
[0.206s]   execute_process(/usr/bin/python3
[0.206s]   /opt/ros/humble/share/ament_cmake_core/cmake/package_templates/templates_2_cmake.py
[0.206s]   /home/filo/bumperbot_ws/build/bumperbot_controller/ament_cmake_package_templates/templates.cmake)
[0.206s]   returned error code 1
[0.206s] Call Stack (most recent call first):
[0.206s]   /opt/ros/humble/share/ament_cmake_core/cmake/ament_cmake_coreConfig.cmake:41 (include)
[0.207s]   /opt/ros/humble/share/ament_cmake/cmake/ament_cmake_export_dependencies-extras.cmake:15 (find_package)
[0.207s]   /opt/ros/humble/share/ament_cmake/cmake/ament_cmakeConfig.cmake:41 (include)
[0.207s]   CMakeLists.txt:8 (find_package)
[0.207s] 
[0.207s] [0m
[0.207s] -- Configuring incomplete, errors occurred!
[0.207s] See also "/home/filo/bumperbot_ws/build/bumperbot_controller/CMakeFiles/CMakeOutput.log".
[0.209s] gmake: *** [Makefile:254: cmake_check_build_system] Error 1
[0.212s] Invoked command in '/home/filo/bumperbot_ws/build/bumperbot_controller' returned '2': CMAKE_PREFIX_PATH=${CMAKE_PREFIX_PATH}:/home/filo/bumperbot_ws/install/bumperbot_py_examples /usr/bin/cmake --build /home/filo/bumperbot_ws/build/bumperbot_controller -- -j8 -l8
